[16:18:01.066] [INFO] storybook v10.2.13
[16:18:03.631] [DEBUG] Getting package.json info for /Users/efishery/Documents/workspace/ui-kit/package.json...
[16:18:03.950] [INFO] Starting...
[16:18:03.975] [WARN] unable to find package.json for radix-ui
[16:18:03.982] [WARN] No story files found for the specified pattern: src/**/*.mdx
[16:18:04.051] [DEBUG] Starting preview..
[16:18:04.109] [DEBUG] Using tsconfig paths for react-docgen
[16:18:04.130] [ERROR] Failed to build the preview
[16:18:04.132] [ERROR] [38;2;241;97;97mReferenceError: __dirname is not defined[39m
    at Object.viteFinal (file://./.storybook/main.ts:26:29)
    at file://./node_modules/storybook/dist/_node-chunks/chunk-CUCNHZNT.js:10114:36
    at async createViteServer (file://./node_modules/@storybook/builder-vite/dist/index.js:1897:21)
    at async Module.start (file://./node_modules/@storybook/builder-vite/dist/index.js:1922:17)
    at async storybookDevServer (file://./node_modules/storybook/dist/core-server/index.js:7241:83)
    at async buildOrThrow (file://./node_modules/storybook/dist/core-server/index.js:4504:12)
    at async buildDevStandalone (file://./node_modules/storybook/dist/core-server/index.js:7611:66)
    at async withTelemetry (file://./node_modules/storybook/dist/_node-chunks/chunk-WGZQUMPK.js:218:12)
    at async dev (file://./node_modules/storybook/dist/bin/core.js:2734:3)
    at async _Command.<anonymous> (file://./node_modules/storybook/dist/bin/core.js:2803:92)
[16:18:04.135] [WARN] Broken build, fix the error above.
You may need to refresh the browser.